build/app/intermediates/manifest_merge_blame_file/debug/manifest-merger-blame-debug-report.txt
1<?xml version="1.0" encoding="utf-8"?>
2<manifest xmlns:android="http://schemas.android.com/apk/res/android"
3    package="com.example.kopimate"
4    android:versionCode="1"
5    android:versionName="1.0.0" >
6
7    <uses-sdk
8        android:minSdkVersion="19"
9        android:targetSdkVersion="33" />
10    <!--
11         The INTERNET permission is required for development. Specifically,
12         the Flutter tool needs it to communicate with the running application
13         to allow setting breakpoints, to provide hot reload, etc.
14    -->
15    <uses-permission android:name="android.permission.INTERNET" />
15-->src\debug\AndroidManifest.xml:7:5-66
15-->src\debug\AndroidManifest.xml:7:22-64
16    <uses-permission android:name="android.permission.ACCESS_NETWORK_STATE" />
16-->[com.google.firebase:firebase-auth:22.0.0] AndroidManifest.xml:26:5-79
16-->[com.google.firebase:firebase-auth:22.0.0] AndroidManifest.xml:26:22-76
17    <uses-permission android:name="android.permission.WAKE_LOCK" />
17-->[com.google.android.gms:play-services-measurement-api:21.3.0] AndroidManifest.xml:24:5-68
17-->[com.google.android.gms:play-services-measurement-api:21.3.0] AndroidManifest.xml:24:22-65
18    <uses-permission android:name="com.google.android.gms.permission.AD_ID" />
18-->[com.google.android.gms:play-services-measurement-api:21.3.0] AndroidManifest.xml:25:5-79
18-->[com.google.android.gms:play-services-measurement-api:21.3.0] AndroidManifest.xml:25:22-76
19    <uses-permission android:name="com.google.android.finsky.permission.BIND_GET_INSTALL_REFERRER_SERVICE" />
19-->[com.google.android.gms:play-services-measurement:21.3.0] AndroidManifest.xml:26:5-110
19-->[com.google.android.gms:play-services-measurement:21.3.0] AndroidManifest.xml:26:22-107
20
21    <application
22        android:name="android.app.Application"
23        android:appComponentFactory="androidx.core.app.CoreComponentFactory"
23-->[androidx.core:core:1.6.0] AndroidManifest.xml:24:18-86
24        android:debuggable="true"
25        android:icon="@mipmap/ic_launcher"
26        android:label="kopimate" >
27        <activity
28            android:name="com.example.kopimate.MainActivity"
29            android:configChanges="orientation|keyboardHidden|keyboard|screenSize|smallestScreenSize|locale|layoutDirection|fontScale|screenLayout|density|uiMode"
30            android:exported="true"
31            android:hardwareAccelerated="true"
32            android:launchMode="singleTop"
33            android:theme="@style/LaunchTheme"
34            android:windowSoftInputMode="adjustResize" >
35
36            <!--
37                 Specifies an Android theme to apply to this Activity as soon as
38                 the Android process has started. This theme is visible to the user
39                 while the Flutter UI initializes. After that, this theme continues
40                 to determine the Window background behind the Flutter UI.
41            -->
42            <meta-data
43                android:name="io.flutter.embedding.android.NormalTheme"
44                android:resource="@style/NormalTheme" />
45
46            <intent-filter>
47                <action android:name="android.intent.action.MAIN" />
48
49                <category android:name="android.intent.category.LAUNCHER" />
50            </intent-filter>
51        </activity>
52        <!--
53             Don't delete the meta-data below.
54             This is used by the Flutter tool to generate GeneratedPluginRegistrant.java
55        -->
56        <meta-data
57            android:name="flutterEmbedding"
58            android:value="2" />
59
60        <service
60-->[:firebase_auth] AndroidManifest.xml:10:9-14:19
61            android:name="com.google.firebase.components.ComponentDiscoveryService"
61-->[:firebase_auth] AndroidManifest.xml:10:18-89
62            android:directBootAware="true"
62-->[com.google.firebase:firebase-common:20.3.2] AndroidManifest.xml:34:13-43
63            android:exported="false" >
63-->[com.google.firebase:firebase-analytics-ktx:21.3.0] AndroidManifest.xml:10:13-37
64            <meta-data
64-->[:firebase_auth] AndroidManifest.xml:11:13-13:85
65                android:name="com.google.firebase.components:io.flutter.plugins.firebase.auth.FlutterFirebaseAuthRegistrar"
65-->[:firebase_auth] AndroidManifest.xml:12:17-124
66                android:value="com.google.firebase.components.ComponentRegistrar" />
66-->[:firebase_auth] AndroidManifest.xml:13:17-82
67            <meta-data
67-->[:firebase_storage] AndroidManifest.xml:11:13-13:85
68                android:name="com.google.firebase.components:io.flutter.plugins.firebase.storage.FlutterFirebaseAppRegistrar"
68-->[:firebase_storage] AndroidManifest.xml:12:17-126
69                android:value="com.google.firebase.components.ComponentRegistrar" />
69-->[:firebase_storage] AndroidManifest.xml:13:17-82
70            <meta-data
70-->[:cloud_firestore] AndroidManifest.xml:11:13-13:85
71                android:name="com.google.firebase.components:io.flutter.plugins.firebase.firestore.FlutterFirebaseFirestoreRegistrar"
71-->[:cloud_firestore] AndroidManifest.xml:12:17-134
72                android:value="com.google.firebase.components.ComponentRegistrar" />
72-->[:cloud_firestore] AndroidManifest.xml:13:17-82
73            <meta-data
73-->[:firebase_core] AndroidManifest.xml:11:13-13:85
74                android:name="com.google.firebase.components:io.flutter.plugins.firebase.core.FlutterFirebaseCoreRegistrar"
74-->[:firebase_core] AndroidManifest.xml:12:17-124
75                android:value="com.google.firebase.components.ComponentRegistrar" />
75-->[:firebase_core] AndroidManifest.xml:13:17-82
76            <meta-data
76-->[com.google.firebase:firebase-analytics-ktx:21.3.0] AndroidManifest.xml:11:13-13:85
77                android:name="com.google.firebase.components:com.google.firebase.analytics.ktx.FirebaseAnalyticsKtxRegistrar"
77-->[com.google.firebase:firebase-analytics-ktx:21.3.0] AndroidManifest.xml:12:17-126
78                android:value="com.google.firebase.components.ComponentRegistrar" />
78-->[com.google.firebase:firebase-analytics-ktx:21.3.0] AndroidManifest.xml:13:17-82
79            <meta-data
79-->[com.google.firebase:firebase-common-ktx:20.3.2] AndroidManifest.xml:14:13-16:85
80                android:name="com.google.firebase.components:com.google.firebase.ktx.FirebaseCommonKtxRegistrar"
80-->[com.google.firebase:firebase-common-ktx:20.3.2] AndroidManifest.xml:15:17-113
81                android:value="com.google.firebase.components.ComponentRegistrar" />
81-->[com.google.firebase:firebase-common-ktx:20.3.2] AndroidManifest.xml:16:17-82
82            <meta-data
82-->[com.google.firebase:firebase-auth:22.0.0] AndroidManifest.xml:69:13-71:85
83                android:name="com.google.firebase.components:com.google.firebase.auth.FirebaseAuthRegistrar"
83-->[com.google.firebase:firebase-auth:22.0.0] AndroidManifest.xml:70:17-109
84                android:value="com.google.firebase.components.ComponentRegistrar" />
84-->[com.google.firebase:firebase-auth:22.0.0] AndroidManifest.xml:71:17-82
85            <meta-data
85-->[com.google.firebase:firebase-firestore:24.6.1] AndroidManifest.xml:19:13-21:85
86                android:name="com.google.firebase.components:com.google.firebase.firestore.FirestoreRegistrar"
86-->[com.google.firebase:firebase-firestore:24.6.1] AndroidManifest.xml:20:17-111
87                android:value="com.google.firebase.components.ComponentRegistrar" />
87-->[com.google.firebase:firebase-firestore:24.6.1] AndroidManifest.xml:21:17-82
88            <meta-data
88-->[com.google.firebase:firebase-storage:20.2.0] AndroidManifest.xml:32:13-34:85
89                android:name="com.google.firebase.components:com.google.firebase.storage.StorageRegistrar"
89-->[com.google.firebase:firebase-storage:20.2.0] AndroidManifest.xml:33:17-107
90                android:value="com.google.firebase.components.ComponentRegistrar" />
90-->[com.google.firebase:firebase-storage:20.2.0] AndroidManifest.xml:34:17-82
91            <meta-data
91-->[com.google.android.gms:play-services-measurement-api:21.3.0] AndroidManifest.xml:31:13-33:85
92                android:name="com.google.firebase.components:com.google.firebase.analytics.connector.internal.AnalyticsConnectorRegistrar"
92-->[com.google.android.gms:play-services-measurement-api:21.3.0] AndroidManifest.xml:32:17-139
93                android:value="com.google.firebase.components.ComponentRegistrar" />
93-->[com.google.android.gms:play-services-measurement-api:21.3.0] AndroidManifest.xml:33:17-82
94            <meta-data
94-->[com.google.firebase:firebase-installations:17.1.3] AndroidManifest.xml:17:13-19:85
95                android:name="com.google.firebase.components:com.google.firebase.installations.FirebaseInstallationsRegistrar"
95-->[com.google.firebase:firebase-installations:17.1.3] AndroidManifest.xml:18:17-127
96                android:value="com.google.firebase.components.ComponentRegistrar" />
96-->[com.google.firebase:firebase-installations:17.1.3] AndroidManifest.xml:19:17-82
97        </service>
98
99        <activity
99-->[:url_launcher_android] AndroidManifest.xml:10:9-13:74
100            android:name="io.flutter.plugins.urllauncher.WebViewActivity"
100-->[:url_launcher_android] AndroidManifest.xml:11:13-74
101            android:exported="false"
101-->[:url_launcher_android] AndroidManifest.xml:12:13-37
102            android:theme="@android:style/Theme.NoTitleBar.Fullscreen" />
102-->[:url_launcher_android] AndroidManifest.xml:13:13-71
103        <activity
103-->[com.google.firebase:firebase-auth:22.0.0] AndroidManifest.xml:29:9-46:20
104            android:name="com.google.firebase.auth.internal.GenericIdpActivity"
104-->[com.google.firebase:firebase-auth:22.0.0] AndroidManifest.xml:30:13-80
105            android:excludeFromRecents="true"
105-->[com.google.firebase:firebase-auth:22.0.0] AndroidManifest.xml:31:13-46
106            android:exported="true"
106-->[com.google.firebase:firebase-auth:22.0.0] AndroidManifest.xml:32:13-36
107            android:launchMode="singleTask"
107-->[com.google.firebase:firebase-auth:22.0.0] AndroidManifest.xml:33:13-44
108            android:theme="@android:style/Theme.Translucent.NoTitleBar" >
108-->[com.google.firebase:firebase-auth:22.0.0] AndroidManifest.xml:34:13-72
109            <intent-filter>
109-->[com.google.firebase:firebase-auth:22.0.0] AndroidManifest.xml:35:13-45:29
110                <action android:name="android.intent.action.VIEW" />
110-->[com.google.firebase:firebase-auth:22.0.0] AndroidManifest.xml:36:17-69
110-->[com.google.firebase:firebase-auth:22.0.0] AndroidManifest.xml:36:25-66
111
112                <category android:name="android.intent.category.DEFAULT" />
112-->[com.google.firebase:firebase-auth:22.0.0] AndroidManifest.xml:38:17-76
112-->[com.google.firebase:firebase-auth:22.0.0] AndroidManifest.xml:38:27-73
113                <category android:name="android.intent.category.BROWSABLE" />
113-->[com.google.firebase:firebase-auth:22.0.0] AndroidManifest.xml:39:17-78
113-->[com.google.firebase:firebase-auth:22.0.0] AndroidManifest.xml:39:27-75
114
115                <data
115-->[com.google.firebase:firebase-auth:22.0.0] AndroidManifest.xml:41:17-44:51
116                    android:host="firebase.auth"
116-->[com.google.firebase:firebase-auth:22.0.0] AndroidManifest.xml:42:21-49
117                    android:path="/"
117-->[com.google.firebase:firebase-auth:22.0.0] AndroidManifest.xml:43:21-37
118                    android:scheme="genericidp" />
118-->[com.google.firebase:firebase-auth:22.0.0] AndroidManifest.xml:44:21-48
119            </intent-filter>
120        </activity>
121        <activity
121-->[com.google.firebase:firebase-auth:22.0.0] AndroidManifest.xml:47:9-64:20
122            android:name="com.google.firebase.auth.internal.RecaptchaActivity"
122-->[com.google.firebase:firebase-auth:22.0.0] AndroidManifest.xml:48:13-79
123            android:excludeFromRecents="true"
123-->[com.google.firebase:firebase-auth:22.0.0] AndroidManifest.xml:49:13-46
124            android:exported="true"
124-->[com.google.firebase:firebase-auth:22.0.0] AndroidManifest.xml:50:13-36
125            android:launchMode="singleTask"
125-->[com.google.firebase:firebase-auth:22.0.0] AndroidManifest.xml:51:13-44
126            android:theme="@android:style/Theme.Translucent.NoTitleBar" >
126-->[com.google.firebase:firebase-auth:22.0.0] AndroidManifest.xml:52:13-72
127            <intent-filter>
127-->[com.google.firebase:firebase-auth:22.0.0] AndroidManifest.xml:53:13-63:29
128                <action android:name="android.intent.action.VIEW" />
128-->[com.google.firebase:firebase-auth:22.0.0] AndroidManifest.xml:36:17-69
128-->[com.google.firebase:firebase-auth:22.0.0] AndroidManifest.xml:36:25-66
129
130                <category android:name="android.intent.category.DEFAULT" />
130-->[com.google.firebase:firebase-auth:22.0.0] AndroidManifest.xml:38:17-76
130-->[com.google.firebase:firebase-auth:22.0.0] AndroidManifest.xml:38:27-73
131                <category android:name="android.intent.category.BROWSABLE" />
131-->[com.google.firebase:firebase-auth:22.0.0] AndroidManifest.xml:39:17-78
131-->[com.google.firebase:firebase-auth:22.0.0] AndroidManifest.xml:39:27-75
132
133                <data
133-->[com.google.firebase:firebase-auth:22.0.0] AndroidManifest.xml:41:17-44:51
134                    android:host="firebase.auth"
134-->[com.google.firebase:firebase-auth:22.0.0] AndroidManifest.xml:42:21-49
135                    android:path="/"
135-->[com.google.firebase:firebase-auth:22.0.0] AndroidManifest.xml:43:21-37
136                    android:scheme="recaptcha" />
136-->[com.google.firebase:firebase-auth:22.0.0] AndroidManifest.xml:44:21-48
137            </intent-filter>
138        </activity>
139
140        <uses-library
140-->[androidx.window:window:1.0.0-beta04] AndroidManifest.xml:25:9-27:40
141            android:name="androidx.window.extensions"
141-->[androidx.window:window:1.0.0-beta04] AndroidManifest.xml:26:13-54
142            android:required="false" />
142-->[androidx.window:window:1.0.0-beta04] AndroidManifest.xml:27:13-37
143        <uses-library
143-->[androidx.window:window:1.0.0-beta04] AndroidManifest.xml:28:9-30:40
144            android:name="androidx.window.sidecar"
144-->[androidx.window:window:1.0.0-beta04] AndroidManifest.xml:29:13-51
145            android:required="false" />
145-->[androidx.window:window:1.0.0-beta04] AndroidManifest.xml:30:13-37
146
147        <provider
147-->[com.google.firebase:firebase-common:20.3.2] AndroidManifest.xml:25:9-30:39
148            android:name="com.google.firebase.provider.FirebaseInitProvider"
148-->[com.google.firebase:firebase-common:20.3.2] AndroidManifest.xml:26:13-77
149            android:authorities="com.example.kopimate.firebaseinitprovider"
149-->[com.google.firebase:firebase-common:20.3.2] AndroidManifest.xml:27:13-72
150            android:directBootAware="true"
150-->[com.google.firebase:firebase-common:20.3.2] AndroidManifest.xml:28:13-43
151            android:exported="false"
151-->[com.google.firebase:firebase-common:20.3.2] AndroidManifest.xml:29:13-37
152            android:initOrder="100" />
152-->[com.google.firebase:firebase-common:20.3.2] AndroidManifest.xml:30:13-36
153
154        <activity
154-->[com.google.android.gms:play-services-base:18.0.1] AndroidManifest.xml:20:9-22:45
155            android:name="com.google.android.gms.common.api.GoogleApiActivity"
155-->[com.google.android.gms:play-services-base:18.0.1] AndroidManifest.xml:20:19-85
156            android:exported="false"
156-->[com.google.android.gms:play-services-base:18.0.1] AndroidManifest.xml:22:19-43
157            android:theme="@android:style/Theme.Translucent.NoTitleBar" />
157-->[com.google.android.gms:play-services-base:18.0.1] AndroidManifest.xml:21:19-78
158
159        <receiver
159-->[com.google.android.gms:play-services-measurement:21.3.0] AndroidManifest.xml:29:9-33:20
160            android:name="com.google.android.gms.measurement.AppMeasurementReceiver"
160-->[com.google.android.gms:play-services-measurement:21.3.0] AndroidManifest.xml:30:13-85
161            android:enabled="true"
161-->[com.google.android.gms:play-services-measurement:21.3.0] AndroidManifest.xml:31:13-35
162            android:exported="false" >
162-->[com.google.android.gms:play-services-measurement:21.3.0] AndroidManifest.xml:32:13-37
163        </receiver>
164
165        <service
165-->[com.google.android.gms:play-services-measurement:21.3.0] AndroidManifest.xml:35:9-38:40
166            android:name="com.google.android.gms.measurement.AppMeasurementService"
166-->[com.google.android.gms:play-services-measurement:21.3.0] AndroidManifest.xml:36:13-84
167            android:enabled="true"
167-->[com.google.android.gms:play-services-measurement:21.3.0] AndroidManifest.xml:37:13-35
168            android:exported="false" />
168-->[com.google.android.gms:play-services-measurement:21.3.0] AndroidManifest.xml:38:13-37
169        <service
169-->[com.google.android.gms:play-services-measurement:21.3.0] AndroidManifest.xml:39:9-43:72
170            android:name="com.google.android.gms.measurement.AppMeasurementJobService"
170-->[com.google.android.gms:play-services-measurement:21.3.0] AndroidManifest.xml:40:13-87
171            android:enabled="true"
171-->[com.google.android.gms:play-services-measurement:21.3.0] AndroidManifest.xml:41:13-35
172            android:exported="false"
172-->[com.google.android.gms:play-services-measurement:21.3.0] AndroidManifest.xml:42:13-37
173            android:permission="android.permission.BIND_JOB_SERVICE" />
173-->[com.google.android.gms:play-services-measurement:21.3.0] AndroidManifest.xml:43:13-69
174
175        <meta-data
175-->[com.google.android.gms:play-services-basement:18.1.0] AndroidManifest.xml:21:9-23:69
176            android:name="com.google.android.gms.version"
176-->[com.google.android.gms:play-services-basement:18.1.0] AndroidManifest.xml:22:13-58
177            android:value="@integer/google_play_services_version" />
177-->[com.google.android.gms:play-services-basement:18.1.0] AndroidManifest.xml:23:13-66
178    </application>
179
180</manifest>